12-01 19:48:12 replicate_layout.action_replicate_layout 313:Plugin executed on: 'darwin'
12-01 19:48:12 replicate_layout.action_replicate_layout 314:Plugin executed with python version: '2.7.16 (default, Nov  8 2021, 13:37:33) \n[GCC 4.2.1 Compatible Apple LLVM 10.0.1 (clang-1001.0.46.4)]'
12-01 19:48:12 replicate_layout.action_replicate_layout 315:KiCad build version: (5.1.12-1-10_14)
12-01 19:48:12 replicate_layout.action_replicate_layout 316:Replicate layout plugin version: 74 started
12-01 19:48:12 replicate_layout.action_replicate_layout 329:All top level windows titles are:
kicad (5.1.12-1-10_14) /users/andrewferguson/documents/10-19 projects/11 design/11.03 teachmepcb/macro keyboard/macro keyboard.pro

pcbnew — /users/andrewferguson/documents/10-19 projects/11 design/11.03 teachmepcb/macro keyboard/macro keyboard.kicad_pcb


12-01 19:48:12 replicate_layout.action_replicate_layout 330:All top level windows objects are:
 <wx._windows.Frame; proxy of <Swig Object of type 'wxFrame *' at 0x7f812d83ac00> >
<wx._windows.MiniFrame; proxy of <Swig Object of type 'wxMiniFrame *' at 0x7f812cd59d40> >
<wx._windows.Frame; proxy of <Swig Object of type 'wxFrame *' at 0x7f812db42800> >
<wx._windows.MiniFrame; proxy of <Swig Object of type 'wxMiniFrame *' at 0x7f80fd0b64a0> >
<wx._windows.MiniFrame; proxy of <Swig Object of type 'wxMiniFrame *' at 0x7f80fd0f2b20> >
12-01 19:48:12 replicate_layout.action_replicate_layout 353:Preparing replicator with S201 as a reference
12-01 19:48:12 replicate_layout.replicatelayout 215:getting project hierarchy from schematics
12-01 19:48:12 replicate_layout.replicatelayout 217:Project hierarchy looks like:
{u'61A7FF0F': [u'eInk Display', u'/Users/andrewferguson/Documents/10-19 Projects/11 Design/11.03 TeachMePCB/Macro Keyboard/eInkDisplay.sch'], u'61A14FBD': [u'Switch 10', u'/Users/andrewferguson/Documents/10-19 Projects/11 Design/11.03 TeachMePCB/Macro Keyboard/Switch.sch'], u'61A1D841': [u'Neo LED 09', u'/Users/andrewferguson/Documents/10-19 Projects/11 Design/11.03 TeachMePCB/Macro Keyboard/NeoLED.sch'], u'61A1D845': [u'Neo LED 10', u'/Users/andrewferguson/Documents/10-19 Projects/11 Design/11.03 TeachMePCB/Macro Keyboard/NeoLED.sch'], u'61A55BF3': [u'Rotary Encoder 2', u'/Users/andrewferguson/Documents/10-19 Projects/11 Design/11.03 TeachMePCB/Macro Keyboard/RotaryEncoder.sch'], u'61A1D17D': [u'Neo LED 06', u'/Users/andrewferguson/Documents/10-19 Projects/11 Design/11.03 TeachMePCB/Macro Keyboard/NeoLED.sch'], u'61A1D83D': [u'Neo LED 08', u'/Users/andrewferguson/Documents/10-19 Projects/11 Design/11.03 TeachMePCB/Macro Keyboard/NeoLED.sch'], u'61A0B364': [u'RGB Driver', u'/Users/andrewferguson/Documents/10-19 Projects/11 Design/11.03 TeachMePCB/Macro Keyboard/RGBDrvier.sch'], u'61A14EC9': [u'Switch 7', u'/Users/andrewferguson/Documents/10-19 Projects/11 Design/11.03 TeachMePCB/Macro Keyboard/Switch.sch'], u'61A0B3CD': [u'Light Sensor', u'/Users/andrewferguson/Documents/10-19 Projects/11 Design/11.03 TeachMePCB/Macro Keyboard/LightSensor.sch'], u'61A14F2D': [u'Switch 9', u'/Users/andrewferguson/Documents/10-19 Projects/11 Design/11.03 TeachMePCB/Macro Keyboard/Switch.sch'], u'61A14D3F': [u'Switch 3', u'/Users/andrewferguson/Documents/10-19 Projects/11 Design/11.03 TeachMePCB/Macro Keyboard/Switch.sch'], u'61A0B4C7': [u'Level Converter', u'/Users/andrewferguson/Documents/10-19 Projects/11 Design/11.03 TeachMePCB/Macro Keyboard/LevelConverter.sch'], u'61A14DC9': [u'Switch 5', u'/Users/andrewferguson/Documents/10-19 Projects/11 Design/11.03 TeachMePCB/Macro Keyboard/Switch.sch'], u'61A14F0F': [u'Switch 8', u'/Users/andrewferguson/Documents/10-19 Projects/11 Design/11.03 TeachMePCB/Macro Keyboard/Switch.sch'], u'61A0B661': [u'LED 10', u'/Users/andrewferguson/Documents/10-19 Projects/11 Design/11.03 TeachMePCB/Macro Keyboard/LED10.sch'], u'61A1D175': [u'Neo LED 04', u'/Users/andrewferguson/Documents/10-19 Projects/11 Design/11.03 TeachMePCB/Macro Keyboard/NeoLED.sch'], u'61A0B595': [u'10 Group Switch', u'/Users/andrewferguson/Documents/10-19 Projects/11 Design/11.03 TeachMePCB/Macro Keyboard/10GroupSwitch.sch'], u'61A1D179': [u'Neo LED 05', u'/Users/andrewferguson/Documents/10-19 Projects/11 Design/11.03 TeachMePCB/Macro Keyboard/NeoLED.sch'], u'61A171D3': [u'Neo LED 01', u'/Users/andrewferguson/Documents/10-19 Projects/11 Design/11.03 TeachMePCB/Macro Keyboard/NeoLED.sch'], u'61A0B6A8': [u'Switch_1', u'/Users/andrewferguson/Documents/10-19 Projects/11 Design/11.03 TeachMePCB/Macro Keyboard/Switch.sch'], u'61A047C3': [u'Rotary Encoder 1', u'/Users/andrewferguson/Documents/10-19 Projects/11 Design/11.03 TeachMePCB/Macro Keyboard/RotaryEncoder.sch'], u'61A0B536': [u'Pico', u'/Users/andrewferguson/Documents/10-19 Projects/11 Design/11.03 TeachMePCB/Macro Keyboard/Pico.sch'], u'61A14D05': [u'Switch 2', u'/Users/andrewferguson/Documents/10-19 Projects/11 Design/11.03 TeachMePCB/Macro Keyboard/Switch.sch'], u'61A14E43': [u'Switch 6', u'/Users/andrewferguson/Documents/10-19 Projects/11 Design/11.03 TeachMePCB/Macro Keyboard/Switch.sch'], u'61A1CE5F': [u'Neo LED 03', u'/Users/andrewferguson/Documents/10-19 Projects/11 Design/11.03 TeachMePCB/Macro Keyboard/NeoLED.sch'], u'61A1CCBC': [u'Neo LED 02', u'/Users/andrewferguson/Documents/10-19 Projects/11 Design/11.03 TeachMePCB/Macro Keyboard/NeoLED.sch'], u'61A14DBF': [u'Switch 4', u'/Users/andrewferguson/Documents/10-19 Projects/11 Design/11.03 TeachMePCB/Macro Keyboard/Switch.sch'], u'61A1D839': [u'Neo LED 07', u'/Users/andrewferguson/Documents/10-19 Projects/11 Design/11.03 TeachMePCB/Macro Keyboard/NeoLED.sch']}
12-01 19:48:12 replicate_layout.replicatelayout 225:getting a list of all footprints on board
12-01 19:48:12 replicate_layout.action_replicate_layout 380:source anchor footprint is u'S201'
Located on:[u'Rotary Encoder 1']
With filenames:[u'RotaryEncoder.sch']
With sheet_id:[u'Rotary Encoder 1']
12-01 19:48:12 replicate_layout.action_replicate_layout 384:Corresponding footprints are 
[(u'S3001', [u'Rotary Encoder 2']), (u'S201', [u'Rotary Encoder 1'])]
12-01 19:48:12 replicate_layout.action_replicate_layout 397:Showing dialog
12-01 19:48:12 replicate_layout.replicatelayout 249:construcing a list of sheets suitable for replication on level:u'Rotary Encoder 1', file:u'RotaryEncoder.sch'
12-01 19:48:12 replicate_layout.replicatelayout 256:Source sheet path up to the level:[u'Rotary Encoder 1']
12-01 19:48:12 replicate_layout.replicatelayout 260:Footprints on the sheets:
[u'S3001', u'S201']
12-01 19:48:12 replicate_layout.replicatelayout 263:Footprints raw sheet ids:
[u'/61A55BF3/61A0A08E', u'/61A047C3/61A0A08E']
12-01 19:48:12 replicate_layout.replicatelayout 279:All sheets to replicate:
[[u'Rotary Encoder 2'], [u'Rotary Encoder 1']]
12-01 19:48:12 replicate_layout.replicatelayout 284:All sheets to replicate sorted:
[[u'Rotary Encoder 1'], [u'Rotary Encoder 2']]
12-01 19:48:12 replicate_layout.replicatelayout 290:All sheets to replicate sorted and without source sheet:
[[u'Rotary Encoder 2']]
12-01 19:48:13 replicate_layout.action_replicate_layout 401:Pcbnew position: wx.Point(0, 20)
12-01 19:48:13 replicate_layout.action_replicate_layout 407:Display 0: wx.Rect(0, 0, 1440, 900)
12-01 19:48:13 replicate_layout.action_replicate_layout 411:Toolbar position: wx.Point(1234, 120)
12-01 19:48:13 replicate_layout.action_replicate_layout 418:Dialog position: wx.Point(921, 120)
12-01 19:48:16 replicate_layout.action_replicate_layout 260:User canceled the dialog
